<?xml version="1.0" encoding="UTF-8"?>
<!-- Generated by org.testng.reporters.JUnitReportReporter -->
<testsuite hostname="DESKTOP-5V710FD" failures="0" tests="1" name="testCase.TC_002_LoginTest" time="1.210" errors="0" timestamp="2025-07-18T20:18:53 IST" skipped="0">
  <testcase classname="testCase.TC_002_LoginTest" name="verify_login" time="1.210"/>
</testsuite> <!-- testCase.TC_002_LoginTest -->
