<?xml version="1.0" encoding="UTF-8"?>
<!-- Generated by org.testng.reporters.JUnitReportReporter -->
<testsuite hostname="DESKTOP-5V710FD" failures="0" tests="1" name="testCase.TC_001_AccountRegistrationtTest" time="4.038" errors="0" timestamp="2025-07-18T20:18:53 IST" skipped="0">
  <testcase classname="testCase.TC_001_AccountRegistrationtTest" name="test_account_Registration" time="4.038"/>
</testsuite> <!-- testCase.TC_001_AccountRegistrationtTest -->
