<?xml version="1.0" encoding="UTF-8"?>
<!-- Generated by org.testng.reporters.JUnitReportReporter -->
<testsuite hostname="DESKTOP-5V710FD" failures="0" tests="1" name="testCase.TC_001" time="1.791" errors="0" timestamp="2025-07-08T10:11:41 IST" skipped="0">
  <testcase classname="testCase.TC_001" name="verify_account_registration" time="1.791"/>
</testsuite> <!-- testCase.TC_001 -->
