<?xml version="1.0" encoding="UTF-8"?>
<!-- Generated by org.testng.reporters.JUnitReportReporter -->
<testsuite hostname="DESKTOP-5V710FD" failures="0" tests="1" name="testCase.TC_001_AccountRegistrationtTest" time="3.993" errors="0" timestamp="2025-07-16T19:45:56 IST" skipped="0">
  <testcase classname="testCase.TC_001_AccountRegistrationtTest" name="test_account_Registration" time="3.993"/>
</testsuite> <!-- testCase.TC_001_AccountRegistrationtTest -->
